0 info it worked if it ends with ok
1 verbose cli [ 'node', '/usr/local/bin/npm', 'install', 'sirius-cg/fis-cf' ]
2 info using npm@2.10.1
3 info using node@v0.12.4
4 verbose node symlink /usr/local/bin/node
5 verbose install initial load of /Users/CG/C-lab/cf/package.json
6 verbose stack Error: Failed to parse json
6 verbose stack Unexpected token '/' at 18:5
6 verbose stack     // "fis3": "^3.2.0",
6 verbose stack     ^
6 verbose stack     at parseError (/usr/local/lib/node_modules/npm/node_modules/read-package-json/read-json.js:379:11)
6 verbose stack     at parseJson (/usr/local/lib/node_modules/npm/node_modules/read-package-json/read-json.js:68:23)
6 verbose stack     at /usr/local/lib/node_modules/npm/node_modules/read-package-json/read-json.js:48:5
6 verbose stack     at evalmachine.<anonymous>:334:14
6 verbose stack     at /usr/local/lib/node_modules/npm/node_modules/graceful-fs/graceful-fs.js:102:5
6 verbose stack     at FSReqWrap.oncomplete (evalmachine.<anonymous>:95:15)
7 verbose cwd /Users/CG/C-lab/cf
8 error Darwin 15.0.0
9 error argv "node" "/usr/local/bin/npm" "install" "sirius-cg/fis-cf"
10 error node v0.12.4
11 error npm  v2.10.1
12 error file /Users/CG/C-lab/cf/package.json
13 error code EJSONPARSE
14 error Failed to parse json
14 error Unexpected token '/' at 18:5
14 error     // "fis3": "^3.2.0",
14 error     ^
15 error File: /Users/CG/C-lab/cf/package.json
16 error Failed to parse package.json data.
16 error package.json must be actual JSON, not just JavaScript.
16 error
16 error This is not a bug in npm.
16 error Tell the package author to fix their package.json file. JSON.parse
17 verbose exit [ 1, true ]
